sbcl --dynamic-space-size 12288 --core /home/ralph/.lisp.d/sbcl.core --eval (ql:quickload "rs-json/bench") --eval (rs-json-bench:citm_catalog :self nil) --quit
This is SBCL 2.5.11, an implementation of ANSI Common Lisp.
More information about SBCL is available at <http://www.sbcl.org/>.

SBCL is free software, provided as is, with absolutely no warranty.
It is mostly in the public domain; some portions are provided under
BSD-style licenses.  See the CREDITS and COPYING files in the
distribution for more information.
To load "trivial-features":
  Load 1 ASDF system:
    trivial-features
; Loading "trivial-features"

To load "rs-json/bench":
  Load 1 ASDF system:
    rs-json/bench
; Loading "rs-json/bench"
..

========================================
CL-JSON
========================================
CL-JSON;READ;citm_catalog.json
Evaluation took:
  0.036 seconds of real time
  0.036979 seconds of total run time (0.036566 user, 0.000413 system)
  102.78% CPU
  125,900,636 processor cycles
  26,415,088 bytes consed
  
CL-JSON;READ;citm_catalog.json
Evaluation took:
  0.036 seconds of real time
  0.036644 seconds of total run time (0.036644 user, 0.000000 system)
  102.78% CPU
  124,765,852 processor cycles
  26,415,088 bytes consed
  
CL-JSON;READ;citm_catalog.json
Evaluation took:
  0.040 seconds of real time
  0.039500 seconds of total run time (0.039500 user, 0.000000 system)
  100.00% CPU
  134,475,590 processor cycles
  26,415,088 bytes consed
  
CL-JSON;READ;citm_catalog.json
Evaluation took:
  0.036 seconds of real time
  0.037337 seconds of total run time (0.037337 user, 0.000000 system)
  102.78% CPU
  127,234,926 processor cycles
  26,415,088 bytes consed
  
CL-JSON;READ;citm_catalog.json
Evaluation took:
  0.036 seconds of real time
  0.037673 seconds of total run time (0.037440 user, 0.000233 system)
  105.56% CPU
  128,322,936 processor cycles
  26,415,088 bytes consed
  
CL-JSON;READ;citm_catalog.json
Evaluation took:
  0.040 seconds of real time
  0.037132 seconds of total run time (0.037132 user, 0.000000 system)
  92.50% CPU
  126,482,388 processor cycles
  26,415,088 bytes consed
  
CL-JSON;READ;citm_catalog.json
Evaluation took:
  0.040 seconds of real time
  0.037187 seconds of total run time (0.037187 user, 0.000000 system)
  92.50% CPU
  126,673,880 processor cycles
  26,415,088 bytes consed
  
CL-JSON;READ;citm_catalog.json
Evaluation took:
  0.035 seconds of real time
  0.037167 seconds of total run time (0.036708 user, 0.000459 system)
  105.71% CPU
  126,599,556 processor cycles
  26,415,088 bytes consed
  
CL-JSON;READ;citm_catalog.json
Evaluation took:
  0.036 seconds of real time
  0.037747 seconds of total run time (0.037373 user, 0.000374 system)
  105.56% CPU
  128,577,992 processor cycles
  26,415,088 bytes consed
  
CL-JSON;WRITE;citm_catalog.json
Evaluation took:
  0.144 seconds of real time
  0.143994 seconds of total run time (0.096242 user, 0.047752 system)
  100.00% CPU
  16 lambdas converted
  490,658,580 processor cycles
  70,216,576 bytes consed
  
CL-JSON;WRITE;citm_catalog.json
Evaluation took:
  0.136 seconds of real time
  0.136744 seconds of total run time (0.108715 user, 0.028029 system)
  100.74% CPU
  465,977,924 processor cycles
  69,062,464 bytes consed
  
CL-JSON;WRITE;citm_catalog.json
Evaluation took:
  0.136 seconds of real time
  0.137762 seconds of total run time (0.093459 user, 0.044303 system)
  101.47% CPU
  469,436,344 processor cycles
  69,062,464 bytes consed
  
CL-JSON;WRITE;citm_catalog.json
Evaluation took:
  0.136 seconds of real time
  0.136672 seconds of total run time (0.092428 user, 0.044244 system)
  100.74% CPU
  465,711,586 processor cycles
  69,062,464 bytes consed
  
CL-JSON;WRITE;citm_catalog.json
Evaluation took:
  0.140 seconds of real time
  0.138553 seconds of total run time (0.107349 user, 0.031204 system)
  99.29% CPU
  472,224,932 processor cycles
  69,062,464 bytes consed
  
CL-JSON;WRITE;citm_catalog.json
Evaluation took:
  0.136 seconds of real time
  0.136479 seconds of total run time (0.096566 user, 0.039913 system)
  100.00% CPU
  465,082,458 processor cycles
  69,062,464 bytes consed
  
CL-JSON;WRITE;citm_catalog.json
Evaluation took:
  0.136 seconds of real time
  0.138906 seconds of total run time (0.098186 user, 0.040720 system)
  102.21% CPU
  473,318,430 processor cycles
  69,062,464 bytes consed
  
CL-JSON;WRITE;citm_catalog.json
Evaluation took:
  0.140 seconds of real time
  0.138639 seconds of total run time (0.115444 user, 0.023195 system)
  99.29% CPU
  472,413,834 processor cycles
  69,062,464 bytes consed
  
CL-JSON;WRITE;citm_catalog.json
Evaluation took:
  0.136 seconds of real time
  0.137869 seconds of total run time (0.101468 user, 0.036401 system)
  101.47% CPU
  469,784,484 processor cycles
  69,062,464 bytes consed
  

========================================
JONATHAN
========================================
JONATHAN;READ;citm_catalog.json
Evaluation took:
  0.008 seconds of real time
  0.008412 seconds of total run time (0.008412 user, 0.000000 system)
  100.00% CPU
  28,599,046 processor cycles
  10,108,768 bytes consed
  
JONATHAN;READ;citm_catalog.json
Evaluation took:
  0.008 seconds of real time
  0.008417 seconds of total run time (0.008417 user, 0.000000 system)
  100.00% CPU
  28,613,068 processor cycles
  10,108,768 bytes consed
  
JONATHAN;READ;citm_catalog.json
Evaluation took:
  0.008 seconds of real time
  0.008569 seconds of total run time (0.008569 user, 0.000000 system)
  112.50% CPU
  29,141,712 processor cycles
  10,108,768 bytes consed
  
JONATHAN;READ;citm_catalog.json
Evaluation took:
  0.008 seconds of real time
  0.008577 seconds of total run time (0.008577 user, 0.000000 system)
  112.50% CPU
  29,219,564 processor cycles
  10,108,768 bytes consed
  
JONATHAN;READ;citm_catalog.json
Evaluation took:
  0.008 seconds of real time
  0.008528 seconds of total run time (0.008528 user, 0.000000 system)
  112.50% CPU
  28,997,310 processor cycles
  10,108,768 bytes consed
  
JONATHAN;READ;citm_catalog.json
Evaluation took:
  0.008 seconds of real time
  0.008559 seconds of total run time (0.008559 user, 0.000000 system)
  112.50% CPU
  29,103,450 processor cycles
  10,108,768 bytes consed
  
JONATHAN;READ;citm_catalog.json
Evaluation took:
  0.012 seconds of real time
  0.008494 seconds of total run time (0.008494 user, 0.000000 system)
  66.67% CPU
  28,889,046 processor cycles
  10,108,768 bytes consed
  
JONATHAN;READ;citm_catalog.json
Evaluation took:
  0.012 seconds of real time
  0.008685 seconds of total run time (0.008685 user, 0.000000 system)
  75.00% CPU
  29,585,376 processor cycles
  10,108,768 bytes consed
  
JONATHAN;READ;citm_catalog.json
Evaluation took:
  0.008 seconds of real time
  0.008737 seconds of total run time (0.008737 user, 0.000000 system)
  112.50% CPU
  29,714,184 processor cycles
  10,108,768 bytes consed
  
JONATHAN;WRITE;citm_catalog.json
Evaluation took:
  0.032 seconds of real time
  0.034619 seconds of total run time (0.034619 user, 0.000000 system)
  109.38% CPU
  29 lambdas converted
  117,911,668 processor cycles
  12,278,832 bytes consed
  
JONATHAN;WRITE;citm_catalog.json
Evaluation took:
  0.024 seconds of real time
  0.025197 seconds of total run time (0.025197 user, 0.000000 system)
  104.17% CPU
  85,810,168 processor cycles
  10,178,720 bytes consed
  
JONATHAN;WRITE;citm_catalog.json
Evaluation took:
  0.024 seconds of real time
  0.025611 seconds of total run time (0.025611 user, 0.000000 system)
  108.33% CPU
  87,212,066 processor cycles
  10,178,720 bytes consed
  
JONATHAN;WRITE;citm_catalog.json
Evaluation took:
  0.024 seconds of real time
  0.025274 seconds of total run time (0.025274 user, 0.000000 system)
  104.17% CPU
  86,062,984 processor cycles
  10,178,720 bytes consed
  
JONATHAN;WRITE;citm_catalog.json
Evaluation took:
  0.024 seconds of real time
  0.025087 seconds of total run time (0.025087 user, 0.000000 system)
  104.17% CPU
  85,446,706 processor cycles
  10,178,720 bytes consed
  
JONATHAN;WRITE;citm_catalog.json
Evaluation took:
  0.028 seconds of real time
  0.025517 seconds of total run time (0.025517 user, 0.000000 system)
  92.86% CPU
  86,944,492 processor cycles
  10,178,720 bytes consed
  
JONATHAN;WRITE;citm_catalog.json
Evaluation took:
  0.028 seconds of real time
  0.025175 seconds of total run time (0.025175 user, 0.000000 system)
  89.29% CPU
  85,727,842 processor cycles
  10,178,720 bytes consed
  
JONATHAN;WRITE;citm_catalog.json
Evaluation took:
  0.028 seconds of real time
  0.025058 seconds of total run time (0.025058 user, 0.000000 system)
  89.29% CPU
  85,412,782 processor cycles
  10,178,720 bytes consed
  
JONATHAN;WRITE;citm_catalog.json
Evaluation took:
  0.028 seconds of real time
  0.025239 seconds of total run time (0.025239 user, 0.000000 system)
  89.29% CPU
  85,965,540 processor cycles
  10,178,720 bytes consed
  

========================================
JSON-STREAMS
========================================
JSON-STREAMS;READ;citm_catalog.json
Evaluation took:
  0.088 seconds of real time
  0.086691 seconds of total run time (0.086691 user, 0.000000 system)
  98.86% CPU
  295,369,388 processor cycles
  11,921,568 bytes consed
  
JSON-STREAMS;READ;citm_catalog.json
Evaluation took:
  0.088 seconds of real time
  0.087393 seconds of total run time (0.087393 user, 0.000000 system)
  98.86% CPU
  297,816,416 processor cycles
  11,926,896 bytes consed
  
JSON-STREAMS;READ;citm_catalog.json
Evaluation took:
  0.088 seconds of real time
  0.087869 seconds of total run time (0.087869 user, 0.000000 system)
  100.00% CPU
  299,328,710 processor cycles
  11,921,568 bytes consed
  
JSON-STREAMS;READ;citm_catalog.json
Evaluation took:
  0.088 seconds of real time
  0.086807 seconds of total run time (0.086807 user, 0.000000 system)
  98.86% CPU
  295,767,558 processor cycles
  11,926,912 bytes consed
  
JSON-STREAMS;READ;citm_catalog.json
Evaluation took:
  0.084 seconds of real time
  0.087685 seconds of total run time (0.087685 user, 0.000000 system)
  104.76% CPU
  298,767,260 processor cycles
  11,921,568 bytes consed
  
JSON-STREAMS;READ;citm_catalog.json
Evaluation took:
  0.088 seconds of real time
  0.086420 seconds of total run time (0.086420 user, 0.000000 system)
  97.73% CPU
  294,457,020 processor cycles
  11,926,912 bytes consed
  
JSON-STREAMS;READ;citm_catalog.json
Evaluation took:
  0.088 seconds of real time
  0.087594 seconds of total run time (0.087594 user, 0.000000 system)
  100.00% CPU
  298,488,334 processor cycles
  11,921,568 bytes consed
  
JSON-STREAMS;READ;citm_catalog.json
Evaluation took:
  0.088 seconds of real time
  0.086360 seconds of total run time (0.086360 user, 0.000000 system)
  97.73% CPU
  294,178,680 processor cycles
  11,926,912 bytes consed
  
JSON-STREAMS;READ;citm_catalog.json
Evaluation took:
  0.088 seconds of real time
  0.089168 seconds of total run time (0.089168 user, 0.000000 system)
  101.14% CPU
  303,801,718 processor cycles
  11,921,568 bytes consed
  
JSON-STREAMS;WRITE;citm_catalog.json
Evaluation took:
  0.032 seconds of real time
  0.031143 seconds of total run time (0.031143 user, 0.000000 system)
  96.88% CPU
  27 lambdas converted
  106,062,786 processor cycles
  12,390,976 bytes consed
  
JSON-STREAMS;WRITE;citm_catalog.json
Evaluation took:
  0.028 seconds of real time
  0.029559 seconds of total run time (0.029559 user, 0.000000 system)
  107.14% CPU
  100,693,736 processor cycles
  11,399,344 bytes consed
  
JSON-STREAMS;WRITE;citm_catalog.json
Evaluation took:
  0.032 seconds of real time
  0.029725 seconds of total run time (0.029725 user, 0.000000 system)
  93.75% CPU
  115,423,916 processor cycles
  11,399,344 bytes consed
  
JSON-STREAMS;WRITE;citm_catalog.json
Evaluation took:
  0.032 seconds of real time
  0.029008 seconds of total run time (0.029008 user, 0.000000 system)
  90.63% CPU
  98,794,354 processor cycles
  11,399,344 bytes consed
  
JSON-STREAMS;WRITE;citm_catalog.json
Evaluation took:
  0.028 seconds of real time
  0.028805 seconds of total run time (0.028805 user, 0.000000 system)
  103.57% CPU
  98,462,526 processor cycles
  11,399,344 bytes consed
  
JSON-STREAMS;WRITE;citm_catalog.json
Evaluation took:
  0.028 seconds of real time
  0.028588 seconds of total run time (0.028588 user, 0.000000 system)
  103.57% CPU
  97,353,634 processor cycles
  11,399,344 bytes consed
  
JSON-STREAMS;WRITE;citm_catalog.json
Evaluation took:
  0.028 seconds of real time
  0.028881 seconds of total run time (0.028881 user, 0.000000 system)
  103.57% CPU
  98,359,250 processor cycles
  11,399,344 bytes consed
  
JSON-STREAMS;WRITE;citm_catalog.json
Evaluation took:
  0.028 seconds of real time
  0.028726 seconds of total run time (0.028726 user, 0.000000 system)
  103.57% CPU
  97,829,712 processor cycles
  11,399,344 bytes consed
  
JSON-STREAMS;WRITE;citm_catalog.json
Evaluation took:
  0.028 seconds of real time
  0.028728 seconds of total run time (0.028728 user, 0.000000 system)
  103.57% CPU
  97,839,120 processor cycles
  11,399,344 bytes consed
  

========================================
JSOWN
========================================
JSOWN;READ;citm_catalog.json
Evaluation took:
  0.012 seconds of real time
  0.012123 seconds of total run time (0.012123 user, 0.000000 system)
  100.00% CPU
  41,230,184 processor cycles
  3,536,592 bytes consed
  
JSOWN;READ;citm_catalog.json
Evaluation took:
  0.012 seconds of real time
  0.012029 seconds of total run time (0.012029 user, 0.000000 system)
  100.00% CPU
  40,951,620 processor cycles
  3,536,592 bytes consed
  
JSOWN;READ;citm_catalog.json
Evaluation took:
  0.012 seconds of real time
  0.012169 seconds of total run time (0.012169 user, 0.000000 system)
  100.00% CPU
  41,404,840 processor cycles
  3,536,592 bytes consed
  
JSOWN;READ;citm_catalog.json
Evaluation took:
  0.016 seconds of real time
  0.012396 seconds of total run time (0.012396 user, 0.000000 system)
  75.00% CPU
  42,170,564 processor cycles
  3,536,592 bytes consed
  
JSOWN;READ;citm_catalog.json
Evaluation took:
  0.012 seconds of real time
  0.012329 seconds of total run time (0.012329 user, 0.000000 system)
  100.00% CPU
  41,947,670 processor cycles
  3,536,592 bytes consed
  
JSOWN;READ;citm_catalog.json
Evaluation took:
  0.012 seconds of real time
  0.012037 seconds of total run time (0.012037 user, 0.000000 system)
  100.00% CPU
  40,956,410 processor cycles
  3,536,592 bytes consed
  
JSOWN;READ;citm_catalog.json
Evaluation took:
  0.012 seconds of real time
  0.012031 seconds of total run time (0.012031 user, 0.000000 system)
  100.00% CPU
  40,937,186 processor cycles
  3,536,592 bytes consed
  
JSOWN;READ;citm_catalog.json
Evaluation took:
  0.012 seconds of real time
  0.012127 seconds of total run time (0.012127 user, 0.000000 system)
  100.00% CPU
  41,267,496 processor cycles
  3,536,592 bytes consed
  
JSOWN;READ;citm_catalog.json
Evaluation took:
  0.012 seconds of real time
  0.012140 seconds of total run time (0.012140 user, 0.000000 system)
  100.00% CPU
  41,312,902 processor cycles
  3,536,592 bytes consed
  
JSOWN;WRITE;citm_catalog.json
Evaluation took:
  0.020 seconds of real time
  0.021675 seconds of total run time (0.021675 user, 0.000000 system)
  110.00% CPU
  16 lambdas converted
  73,794,126 processor cycles
  29,606,240 bytes consed
  
JSOWN;WRITE;citm_catalog.json
Evaluation took:
  0.020 seconds of real time
  0.019158 seconds of total run time (0.019158 user, 0.000000 system)
  95.00% CPU
  65,656,914 processor cycles
  28,577,040 bytes consed
  
JSOWN;WRITE;citm_catalog.json
Evaluation took:
  0.020 seconds of real time
  0.018982 seconds of total run time (0.018982 user, 0.000000 system)
  95.00% CPU
  64,631,056 processor cycles
  28,577,040 bytes consed
  
JSOWN;WRITE;citm_catalog.json
Evaluation took:
  0.016 seconds of real time
  0.019210 seconds of total run time (0.019210 user, 0.000000 system)
  118.75% CPU
  65,403,100 processor cycles
  28,577,040 bytes consed
  
JSOWN;WRITE;citm_catalog.json
Evaluation took:
  0.020 seconds of real time
  0.018944 seconds of total run time (0.018944 user, 0.000000 system)
  95.00% CPU
  64,460,754 processor cycles
  28,577,040 bytes consed
  
JSOWN;WRITE;citm_catalog.json
Evaluation took:
  0.016 seconds of real time
  0.018662 seconds of total run time (0.018662 user, 0.000000 system)
  118.75% CPU
  63,517,260 processor cycles
  28,577,040 bytes consed
  
JSOWN;WRITE;citm_catalog.json
Evaluation took:
  0.020 seconds of real time
  0.018505 seconds of total run time (0.018505 user, 0.000000 system)
  95.00% CPU
  62,998,316 processor cycles
  28,577,040 bytes consed
  
JSOWN;WRITE;citm_catalog.json
Evaluation took:
  0.020 seconds of real time
  0.018558 seconds of total run time (0.018558 user, 0.000000 system)
  95.00% CPU
  63,178,368 processor cycles
  28,577,040 bytes consed
  
JSOWN;WRITE;citm_catalog.json
Evaluation took:
  0.020 seconds of real time
  0.019204 seconds of total run time (0.019204 user, 0.000000 system)
  95.00% CPU
  65,392,438 processor cycles
  28,577,040 bytes consed
  

========================================
JZON
========================================
JZON;READ;citm_catalog.json
Evaluation took:
  0.020 seconds of real time
  0.018502 seconds of total run time (0.018502 user, 0.000000 system)
  95.00% CPU
  62,959,286 processor cycles
  7,593,024 bytes consed
  
JZON;READ;citm_catalog.json
Evaluation took:
  0.016 seconds of real time
  0.018325 seconds of total run time (0.018325 user, 0.000000 system)
  112.50% CPU
  62,380,802 processor cycles
  7,613,360 bytes consed
  
JZON;READ;citm_catalog.json
Evaluation took:
  0.016 seconds of real time
  0.018436 seconds of total run time (0.018436 user, 0.000000 system)
  112.50% CPU
  62,770,038 processor cycles
  7,593,024 bytes consed
  
JZON;READ;citm_catalog.json
Evaluation took:
  0.020 seconds of real time
  0.018539 seconds of total run time (0.018539 user, 0.000000 system)
  95.00% CPU
  63,128,174 processor cycles
  7,613,360 bytes consed
  
JZON;READ;citm_catalog.json
Evaluation took:
  0.020 seconds of real time
  0.018425 seconds of total run time (0.018425 user, 0.000000 system)
  90.00% CPU
  62,849,800 processor cycles
  7,593,024 bytes consed
  
JZON;READ;citm_catalog.json
Evaluation took:
  0.016 seconds of real time
  0.018483 seconds of total run time (0.018483 user, 0.000000 system)
  112.50% CPU
  62,918,060 processor cycles
  7,613,360 bytes consed
  
JZON;READ;citm_catalog.json
Evaluation took:
  0.016 seconds of real time
  0.018360 seconds of total run time (0.018360 user, 0.000000 system)
  112.50% CPU
  62,507,736 processor cycles
  7,593,024 bytes consed
  
JZON;READ;citm_catalog.json
Evaluation took:
  0.016 seconds of real time
  0.018735 seconds of total run time (0.018735 user, 0.000000 system)
  118.75% CPU
  63,819,454 processor cycles
  7,613,360 bytes consed
  
JZON;READ;citm_catalog.json
Evaluation took:
  0.020 seconds of real time
  0.018451 seconds of total run time (0.018451 user, 0.000000 system)
  90.00% CPU
  62,867,022 processor cycles
  7,593,024 bytes consed
  
JZON;WRITE;citm_catalog.json
Evaluation took:
  0.020 seconds of real time
  0.019088 seconds of total run time (0.019088 user, 0.000000 system)
  95.00% CPU
  41 lambdas converted
  64,968,646 processor cycles
  3,959,328 bytes consed
  
JZON;WRITE;citm_catalog.json
Evaluation took:
  0.012 seconds of real time
  0.013385 seconds of total run time (0.013385 user, 0.000000 system)
  108.33% CPU
  45,550,720 processor cycles
  1,572,416 bytes consed
  
JZON;WRITE;citm_catalog.json
Evaluation took:
  0.016 seconds of real time
  0.013381 seconds of total run time (0.013381 user, 0.000000 system)
  81.25% CPU
  45,560,416 processor cycles
  1,572,416 bytes consed
  
JZON;WRITE;citm_catalog.json
Evaluation took:
  0.016 seconds of real time
  0.013402 seconds of total run time (0.013402 user, 0.000000 system)
  81.25% CPU
  45,631,154 processor cycles
  1,572,416 bytes consed
  
JZON;WRITE;citm_catalog.json
Evaluation took:
  0.012 seconds of real time
  0.013352 seconds of total run time (0.013352 user, 0.000000 system)
  108.33% CPU
  45,443,472 processor cycles
  1,572,416 bytes consed
  
JZON;WRITE;citm_catalog.json
Evaluation took:
  0.012 seconds of real time
  0.013329 seconds of total run time (0.013329 user, 0.000000 system)
  108.33% CPU
  45,365,596 processor cycles
  1,572,416 bytes consed
  
JZON;WRITE;citm_catalog.json
Evaluation took:
  0.012 seconds of real time
  0.013334 seconds of total run time (0.013334 user, 0.000000 system)
  108.33% CPU
  45,381,756 processor cycles
  1,572,416 bytes consed
  
JZON;WRITE;citm_catalog.json
Evaluation took:
  0.012 seconds of real time
  0.013419 seconds of total run time (0.013419 user, 0.000000 system)
  108.33% CPU
  45,669,610 processor cycles
  1,572,416 bytes consed
  
JZON;WRITE;citm_catalog.json
Evaluation took:
  0.016 seconds of real time
  0.013475 seconds of total run time (0.013475 user, 0.000000 system)
  81.25% CPU
  45,822,674 processor cycles
  1,572,416 bytes consed
  

========================================
SHASHT
========================================
SHASHT;READ;citm_catalog.json
Evaluation took:
  0.024 seconds of real time
  0.021146 seconds of total run time (0.021146 user, 0.000000 system)
  87.50% CPU
  71,999,464 processor cycles
  15,861,632 bytes consed
  
SHASHT;READ;citm_catalog.json
Evaluation took:
  0.020 seconds of real time
  0.021087 seconds of total run time (0.021087 user, 0.000000 system)
  105.00% CPU
  71,872,718 processor cycles
  15,868,352 bytes consed
  
SHASHT;READ;citm_catalog.json
Evaluation took:
  0.020 seconds of real time
  0.021013 seconds of total run time (0.021013 user, 0.000000 system)
  105.00% CPU
  71,583,338 processor cycles
  15,879,552 bytes consed
  
SHASHT;READ;citm_catalog.json
Evaluation took:
  0.020 seconds of real time
  0.020932 seconds of total run time (0.020932 user, 0.000000 system)
  105.00% CPU
  71,276,940 processor cycles
  15,868,352 bytes consed
  
SHASHT;READ;citm_catalog.json
Evaluation took:
  0.020 seconds of real time
  0.021301 seconds of total run time (0.021301 user, 0.000000 system)
  105.00% CPU
  72,484,382 processor cycles
  15,879,552 bytes consed
  
SHASHT;READ;citm_catalog.json
Evaluation took:
  0.024 seconds of real time
  0.021393 seconds of total run time (0.021393 user, 0.000000 system)
  87.50% CPU
  72,836,380 processor cycles
  15,868,352 bytes consed
  
SHASHT;READ;citm_catalog.json
Evaluation took:
  0.024 seconds of real time
  0.021176 seconds of total run time (0.021176 user, 0.000000 system)
  87.50% CPU
  72,083,890 processor cycles
  15,879,552 bytes consed
  
SHASHT;READ;citm_catalog.json
Evaluation took:
  0.028 seconds of real time
  0.026895 seconds of total run time (0.019154 user, 0.007741 system)
  96.43% CPU
  91,551,630 processor cycles
  15,868,352 bytes consed
  
SHASHT;READ;citm_catalog.json
Evaluation took:
  0.020 seconds of real time
  0.020690 seconds of total run time (0.020523 user, 0.000167 system)
  105.00% CPU
  70,446,198 processor cycles
  15,878,144 bytes consed
  
SHASHT;WRITE;citm_catalog.json
Evaluation took:
  0.024 seconds of real time
  0.026610 seconds of total run time (0.025361 user, 0.001249 system)
  112.50% CPU
  23 lambdas converted
  90,699,532 processor cycles
  12,965,664 bytes consed
  
SHASHT;WRITE;citm_catalog.json
Evaluation took:
  0.024 seconds of real time
  0.023521 seconds of total run time (0.023521 user, 0.000000 system)
  100.00% CPU
  80,095,026 processor cycles
  11,918,592 bytes consed
  
SHASHT;WRITE;citm_catalog.json
Evaluation took:
  0.024 seconds of real time
  0.023703 seconds of total run time (0.023703 user, 0.000000 system)
  100.00% CPU
  80,713,220 processor cycles
  11,918,592 bytes consed
  
SHASHT;WRITE;citm_catalog.json
Evaluation took:
  0.024 seconds of real time
  0.023523 seconds of total run time (0.023523 user, 0.000000 system)
  100.00% CPU
  80,098,990 processor cycles
  11,918,592 bytes consed
  
SHASHT;WRITE;citm_catalog.json
Evaluation took:
  0.024 seconds of real time
  0.023575 seconds of total run time (0.023575 user, 0.000000 system)
  100.00% CPU
  80,235,522 processor cycles
  11,918,592 bytes consed
  
SHASHT;WRITE;citm_catalog.json
Evaluation took:
  0.024 seconds of real time
  0.023798 seconds of total run time (0.023798 user, 0.000000 system)
  100.00% CPU
  81,036,900 processor cycles
  11,918,592 bytes consed
  
SHASHT;WRITE;citm_catalog.json
Evaluation took:
  0.024 seconds of real time
  0.023568 seconds of total run time (0.023568 user, 0.000000 system)
  100.00% CPU
  80,248,708 processor cycles
  11,918,592 bytes consed
  
SHASHT;WRITE;citm_catalog.json
Evaluation took:
  0.024 seconds of real time
  0.023959 seconds of total run time (0.023959 user, 0.000000 system)
  100.00% CPU
  81,583,414 processor cycles
  11,918,592 bytes consed
  
SHASHT;WRITE;citm_catalog.json
Evaluation took:
  0.024 seconds of real time
  0.023742 seconds of total run time (0.023742 user, 0.000000 system)
  100.00% CPU
  80,845,010 processor cycles
  11,918,592 bytes consed
  

========================================
ST-JSON
========================================
ST-JSON;READ;citm_catalog.json
Evaluation took:
  0.040 seconds of real time
  0.038412 seconds of total run time (0.038412 user, 0.000000 system)
  95.00% CPU
  130,841,742 processor cycles
  10,447,472 bytes consed
  
ST-JSON;READ;citm_catalog.json
Evaluation took:
  0.040 seconds of real time
  0.039216 seconds of total run time (0.039216 user, 0.000000 system)
  97.50% CPU
  133,604,566 processor cycles
  10,447,472 bytes consed
  
ST-JSON;READ;citm_catalog.json
Evaluation took:
  0.040 seconds of real time
  0.039588 seconds of total run time (0.039588 user, 0.000000 system)
  100.00% CPU
  135,416,774 processor cycles
  10,447,472 bytes consed
  
ST-JSON;READ;citm_catalog.json
Evaluation took:
  0.040 seconds of real time
  0.039222 seconds of total run time (0.039222 user, 0.000000 system)
  97.50% CPU
  133,600,032 processor cycles
  10,447,472 bytes consed
  
ST-JSON;READ;citm_catalog.json
Evaluation took:
  0.036 seconds of real time
  0.038389 seconds of total run time (0.038389 user, 0.000000 system)
  105.56% CPU
  130,757,856 processor cycles
  10,447,472 bytes consed
  
ST-JSON;READ;citm_catalog.json
Evaluation took:
  0.040 seconds of real time
  0.038701 seconds of total run time (0.038701 user, 0.000000 system)
  97.50% CPU
  131,822,904 processor cycles
  10,447,472 bytes consed
  
ST-JSON;READ;citm_catalog.json
Evaluation took:
  0.036 seconds of real time
  0.038277 seconds of total run time (0.038277 user, 0.000000 system)
  105.56% CPU
  130,382,832 processor cycles
  10,447,472 bytes consed
  
ST-JSON;READ;citm_catalog.json
Evaluation took:
  0.040 seconds of real time
  0.038634 seconds of total run time (0.038634 user, 0.000000 system)
  97.50% CPU
  131,598,204 processor cycles
  10,447,472 bytes consed
  
ST-JSON;READ;citm_catalog.json
Evaluation took:
  0.040 seconds of real time
  0.038503 seconds of total run time (0.038503 user, 0.000000 system)
  97.50% CPU
  131,112,290 processor cycles
  10,447,472 bytes consed
  
ST-JSON;WRITE;citm_catalog.json
Evaluation took:
  0.020 seconds of real time
  0.022632 seconds of total run time (0.022632 user, 0.000000 system)
  115.00% CPU
  21 lambdas converted
  77,058,406 processor cycles
  5,924,400 bytes consed
  
ST-JSON;WRITE;citm_catalog.json
Evaluation took:
  0.020 seconds of real time
  0.019442 seconds of total run time (0.019442 user, 0.000000 system)
  95.00% CPU
  66,284,406 processor cycles
  4,550,384 bytes consed
  
ST-JSON;WRITE;citm_catalog.json
Evaluation took:
  0.020 seconds of real time
  0.019533 seconds of total run time (0.019533 user, 0.000000 system)
  100.00% CPU
  66,585,782 processor cycles
  4,550,384 bytes consed
  
ST-JSON;WRITE;citm_catalog.json
Evaluation took:
  0.020 seconds of real time
  0.019391 seconds of total run time (0.019391 user, 0.000000 system)
  95.00% CPU
  66,017,874 processor cycles
  4,550,384 bytes consed
  
ST-JSON;WRITE;citm_catalog.json
Evaluation took:
  0.020 seconds of real time
  0.019582 seconds of total run time (0.019582 user, 0.000000 system)
  100.00% CPU
  66,664,826 processor cycles
  4,550,384 bytes consed
  
ST-JSON;WRITE;citm_catalog.json
Evaluation took:
  0.020 seconds of real time
  0.019885 seconds of total run time (0.019885 user, 0.000000 system)
  100.00% CPU
  67,696,830 processor cycles
  4,550,384 bytes consed
  
ST-JSON;WRITE;citm_catalog.json
Evaluation took:
  0.020 seconds of real time
  0.020060 seconds of total run time (0.020060 user, 0.000000 system)
  100.00% CPU
  68,373,320 processor cycles
  4,550,384 bytes consed
  
ST-JSON;WRITE;citm_catalog.json
Evaluation took:
  0.020 seconds of real time
  0.019593 seconds of total run time (0.019593 user, 0.000000 system)
  100.00% CPU
  66,704,770 processor cycles
  4,550,384 bytes consed
  
ST-JSON;WRITE;citm_catalog.json
Evaluation took:
  0.020 seconds of real time
  0.019730 seconds of total run time (0.019730 user, 0.000000 system)
  100.00% CPU
  67,180,426 processor cycles
  4,550,384 bytes consed
  

========================================
YASON
========================================
YASON;READ;citm_catalog.json
Evaluation took:
  0.048 seconds of real time
  0.047786 seconds of total run time (0.047786 user, 0.000000 system)
  100.00% CPU
  162,783,054 processor cycles
  12,894,656 bytes consed
  
YASON;READ;citm_catalog.json
Evaluation took:
  0.048 seconds of real time
  0.047541 seconds of total run time (0.047541 user, 0.000000 system)
  100.00% CPU
  161,986,728 processor cycles
  12,894,656 bytes consed
  
YASON;READ;citm_catalog.json
Evaluation took:
  0.048 seconds of real time
  0.047281 seconds of total run time (0.047281 user, 0.000000 system)
  97.92% CPU
  161,491,692 processor cycles
  12,894,656 bytes consed
  
YASON;READ;citm_catalog.json
Evaluation took:
  0.048 seconds of real time
  0.047779 seconds of total run time (0.047779 user, 0.000000 system)
  100.00% CPU
  163,004,556 processor cycles
  12,894,656 bytes consed
  
YASON;READ;citm_catalog.json
Evaluation took:
  0.048 seconds of real time
  0.047173 seconds of total run time (0.047173 user, 0.000000 system)
  97.92% CPU
  160,697,852 processor cycles
  12,894,656 bytes consed
  
YASON;READ;citm_catalog.json
Evaluation took:
  0.048 seconds of real time
  0.047109 seconds of total run time (0.047109 user, 0.000000 system)
  97.92% CPU
  160,556,842 processor cycles
  12,894,656 bytes consed
  
YASON;READ;citm_catalog.json
Evaluation took:
  0.048 seconds of real time
  0.047304 seconds of total run time (0.047304 user, 0.000000 system)
  97.92% CPU
  161,157,132 processor cycles
  12,894,656 bytes consed
  
YASON;READ;citm_catalog.json
Evaluation took:
  0.048 seconds of real time
  0.046885 seconds of total run time (0.046885 user, 0.000000 system)
  97.92% CPU
  159,698,896 processor cycles
  12,894,656 bytes consed
  
YASON;READ;citm_catalog.json
Evaluation took:
  0.048 seconds of real time
  0.047262 seconds of total run time (0.047262 user, 0.000000 system)
  97.92% CPU
  160,996,638 processor cycles
  12,894,656 bytes consed
  
YASON;WRITE;citm_catalog.json
Evaluation took:
  0.044 seconds of real time
  0.044582 seconds of total run time (0.044582 user, 0.000000 system)
  102.27% CPU
  41 lambdas converted
  151,870,540 processor cycles
  8,183,440 bytes consed
  
YASON;WRITE;citm_catalog.json
Evaluation took:
  0.036 seconds of real time
  0.034896 seconds of total run time (0.034896 user, 0.000000 system)
  97.22% CPU
  118,857,490 processor cycles
  5,565,888 bytes consed
  
YASON;WRITE;citm_catalog.json
Evaluation took:
  0.036 seconds of real time
  0.034557 seconds of total run time (0.034557 user, 0.000000 system)
  97.22% CPU
  117,760,106 processor cycles
  5,565,888 bytes consed
  
YASON;WRITE;citm_catalog.json
Evaluation took:
  0.036 seconds of real time
  0.034614 seconds of total run time (0.034614 user, 0.000000 system)
  97.22% CPU
  117,898,640 processor cycles
  5,565,888 bytes consed
  
YASON;WRITE;citm_catalog.json
Evaluation took:
  0.036 seconds of real time
  0.034963 seconds of total run time (0.034963 user, 0.000000 system)
  97.22% CPU
  119,477,642 processor cycles
  5,565,888 bytes consed
  
YASON;WRITE;citm_catalog.json
Evaluation took:
  0.036 seconds of real time
  0.034990 seconds of total run time (0.034990 user, 0.000000 system)
  97.22% CPU
  120,006,926 processor cycles
  5,565,888 bytes consed
  
YASON;WRITE;citm_catalog.json
Evaluation took:
  0.032 seconds of real time
  0.034566 seconds of total run time (0.034566 user, 0.000000 system)
  109.38% CPU
  117,734,230 processor cycles
  5,565,888 bytes consed
  
YASON;WRITE;citm_catalog.json
Evaluation took:
  0.036 seconds of real time
  0.034594 seconds of total run time (0.034594 user, 0.000000 system)
  97.22% CPU
  118,109,830 processor cycles
  5,565,888 bytes consed
  
YASON;WRITE;citm_catalog.json
Evaluation took:
  0.036 seconds of real time
  0.034131 seconds of total run time (0.034131 user, 0.000000 system)
  94.44% CPU
  116,284,850 processor cycles
  5,565,888 bytes consed
  
sbcl --dynamic-space-size 12288 --core /home/ralph/.lisp.d/sbcl.core --eval (ql:quickload "rs-json/bench") --eval (rs-json-bench:citm_catalog :self t) --quit
This is SBCL 2.5.11, an implementation of ANSI Common Lisp.
More information about SBCL is available at <http://www.sbcl.org/>.

SBCL is free software, provided as is, with absolutely no warranty.
It is mostly in the public domain; some portions are provided under
BSD-style licenses.  See the CREDITS and COPYING files in the
distribution for more information.
To load "trivial-features":
  Load 1 ASDF system:
    trivial-features
; Loading "trivial-features"

To load "rs-json/bench":
  Load 1 ASDF system:
    rs-json/bench
; Loading "rs-json/bench"
..

========================================
RS-JSON
========================================
RS-JSON;READ;citm_catalog.json
Evaluation took:
  0.020 seconds of real time
  0.019719 seconds of total run time (0.019719 user, 0.000000 system)
  100.00% CPU
  67,078,648 processor cycles
  4,028,208 bytes consed
  
RS-JSON;READ;citm_catalog.json
Evaluation took:
  0.020 seconds of real time
  0.021246 seconds of total run time (0.021246 user, 0.000000 system)
  105.00% CPU
  72,651,406 processor cycles
  4,028,208 bytes consed
  
RS-JSON;READ;citm_catalog.json
Evaluation took:
  0.023 seconds of real time
  0.021644 seconds of total run time (0.018530 user, 0.003114 system)
  95.65% CPU
  73,641,314 processor cycles
  4,028,208 bytes consed
  
RS-JSON;READ;citm_catalog.json
Evaluation took:
  0.020 seconds of real time
  0.020004 seconds of total run time (0.020004 user, 0.000000 system)
  100.00% CPU
  68,111,778 processor cycles
  4,028,208 bytes consed
  
RS-JSON;READ;citm_catalog.json
Evaluation took:
  0.020 seconds of real time
  0.019981 seconds of total run time (0.019981 user, 0.000000 system)
  100.00% CPU
  68,066,896 processor cycles
  4,028,208 bytes consed
  
RS-JSON;READ;citm_catalog.json
Evaluation took:
  0.020 seconds of real time
  0.020286 seconds of total run time (0.020286 user, 0.000000 system)
  100.00% CPU
  69,069,846 processor cycles
  4,028,208 bytes consed
  
RS-JSON;READ;citm_catalog.json
Evaluation took:
  0.020 seconds of real time
  0.019949 seconds of total run time (0.019949 user, 0.000000 system)
  100.00% CPU
  67,925,478 processor cycles
  4,028,208 bytes consed
  
RS-JSON;READ;citm_catalog.json
Evaluation took:
  0.020 seconds of real time
  0.019982 seconds of total run time (0.019982 user, 0.000000 system)
  100.00% CPU
  68,036,262 processor cycles
  4,028,208 bytes consed
  
RS-JSON;READ;citm_catalog.json
Evaluation took:
  0.020 seconds of real time
  0.019791 seconds of total run time (0.019162 user, 0.000629 system)
  100.00% CPU
  67,385,100 processor cycles
  4,028,208 bytes consed
  
RS-JSON;WRITE;citm_catalog.json
Evaluation took:
  0.016 seconds of real time
  0.016629 seconds of total run time (0.016629 user, 0.000000 system)
  106.25% CPU
  51 lambdas converted
  56,607,284 processor cycles
  4,223,280 bytes consed
  
RS-JSON;WRITE;citm_catalog.json
Evaluation took:
  0.008 seconds of real time
  0.008569 seconds of total run time (0.008569 user, 0.000000 system)
  112.50% CPU
  29,141,910 processor cycles
  589,696 bytes consed
  
RS-JSON;WRITE;citm_catalog.json
Evaluation took:
  0.007 seconds of real time
  0.008330 seconds of total run time (0.008330 user, 0.000000 system)
  114.29% CPU
  28,332,838 processor cycles
  599,312 bytes consed
  
RS-JSON;WRITE;citm_catalog.json
Evaluation took:
  0.012 seconds of real time
  0.008424 seconds of total run time (0.008424 user, 0.000000 system)
  66.67% CPU
  28,729,724 processor cycles
  589,696 bytes consed
  
RS-JSON;WRITE;citm_catalog.json
Evaluation took:
  0.008 seconds of real time
  0.008607 seconds of total run time (0.008607 user, 0.000000 system)
  112.50% CPU
  29,275,972 processor cycles
  599,312 bytes consed
  
RS-JSON;WRITE;citm_catalog.json
Evaluation took:
  0.008 seconds of real time
  0.008746 seconds of total run time (0.008746 user, 0.000000 system)
  112.50% CPU
  29,745,338 processor cycles
  589,696 bytes consed
  
RS-JSON;WRITE;citm_catalog.json
Evaluation took:
  0.008 seconds of real time
  0.008523 seconds of total run time (0.008523 user, 0.000000 system)
  112.50% CPU
  28,989,544 processor cycles
  599,312 bytes consed
  
RS-JSON;WRITE;citm_catalog.json
Evaluation took:
  0.008 seconds of real time
  0.008515 seconds of total run time (0.008515 user, 0.000000 system)
  112.50% CPU
  28,960,960 processor cycles
  589,696 bytes consed
  
RS-JSON;WRITE;citm_catalog.json
Evaluation took:
  0.008 seconds of real time
  0.008746 seconds of total run time (0.008746 user, 0.000000 system)
  112.50% CPU
  29,747,344 processor cycles
  599,312 bytes consed
  
