ccl --image-name /home/ralph/.lisp.d/ccl.core --batch --eval (ql:quickload "rs-json/bench") --eval (rs-json-bench:large :self nil)
To load "trivial-features":
  Load 1 ASDF system:
    trivial-features
; Loading "trivial-features"

To load "rs-json/bench":
  Load 1 ASDF system:
    rs-json/bench
; Loading "rs-json/bench"


========================================
CL-JSON
========================================
CL-JSON;READ;large.json
/home/ralph/src/lisp/rs-json/t/large.json: error (NO-CHAR-FOR-CODE)
No character corresponds to code #xD83D.

========================================
JONATHAN
========================================
JONATHAN;READ;large.json
/home/ralph/src/lisp/rs-json/t/large.json: error (NO-APPLICABLE-METHOD-EXISTS)
There is no applicable method for the generic function:
  #<STANDARD-GENERIC-FUNCTION DE.RALPH-SCHLEICHER.JSON-BENCHMARK::%READ #x302001D382EF>
when called with arguments:
  (:JONATHAN #<BASIC-FILE-CHARACTER-INPUT-STREAM ("/home/ralph/src/lisp/rs-json/t/large.json"/:closed #x302001D84A3D>)

========================================
JSON-STREAMS
========================================
JSON-STREAMS;READ;large.json
/home/ralph/src/lisp/rs-json/t/large.json: error (JSON-PARSE-ERROR)
JSON parse error at line 244572 column 30: Number with integer syntax to large 505874924095815700.

========================================
JSOWN
========================================
JSOWN;READ;large.json
/home/ralph/src/lisp/rs-json/t/large.json: error (NO-APPLICABLE-METHOD-EXISTS)
There is no applicable method for the generic function:
  #<STANDARD-GENERIC-FUNCTION DE.RALPH-SCHLEICHER.JSON-BENCHMARK::%READ #x302001D37D9F>
when called with arguments:
  (:JSOWN #<BASIC-FILE-CHARACTER-INPUT-STREAM ("/home/ralph/src/lisp/rs-json/t/large.json"/:closed #x302001D8551D>)

========================================
JZON
========================================
JZON;READ;large.json
(DE.RALPH-SCHLEICHER.JSON-BENCHMARK::%READ DE.RALPH-SCHLEICHER.JSON-BENCHMARK::LIB STREAM)
took 27,139,238 microseconds (27.139238 seconds) to run.
     17,768,420 microseconds (17.768420 seconds, 65.47%) of which was spent in GC.
During that period, and with 4 available CPU cores,
     26,886,480 microseconds (26.886480 seconds) were spent in user mode
        231,956 microseconds ( 0.231956 seconds) were spent in system mode
 2,244,412,976 bytes of memory allocated.
 19,981 minor page faults, 0 major page faults, 0 swaps.
JZON;WRITE;large.json
(DE.RALPH-SCHLEICHER.JSON-BENCHMARK::%WRITE DE.RALPH-SCHLEICHER.JSON-BENCHMARK::LIB DE.RALPH-SCHLEICHER.JSON-BENCHMARK::DATA)
took 98,065,678 microseconds (98.065680 seconds) to run.
     73,946,330 microseconds (73.946330 seconds, 75.40%) of which was spent in GC.
During that period, and with 4 available CPU cores,
     97,717,515 microseconds (97.717520 seconds) were spent in user mode
        283,883 microseconds ( 0.283883 seconds) were spent in system mode
 5,926,089,744 bytes of memory allocated.
 9 minor page faults, 0 major page faults, 0 swaps.

========================================
SHASHT
========================================
SHASHT;READ;large.json
(DE.RALPH-SCHLEICHER.JSON-BENCHMARK::%READ DE.RALPH-SCHLEICHER.JSON-BENCHMARK::LIB STREAM)
took 41,436,863 microseconds (41.436863 seconds) to run.
     26,287,258 microseconds (26.287258 seconds, 63.44%) of which was spent in GC.
During that period, and with 4 available CPU cores,
     41,182,495 microseconds (41.182495 seconds) were spent in user mode
        227,971 microseconds ( 0.227971 seconds) were spent in system mode
 2,143,626,384 bytes of memory allocated.
 17,953 minor page faults, 0 major page faults, 0 swaps.
SHASHT;WRITE;large.json
(DE.RALPH-SCHLEICHER.JSON-BENCHMARK::%WRITE DE.RALPH-SCHLEICHER.JSON-BENCHMARK::LIB DE.RALPH-SCHLEICHER.JSON-BENCHMARK::DATA)
took 38,993,847 microseconds (38.993847 seconds) to run.
     23,917,144 microseconds (23.917145 seconds, 61.34%) of which was spent in GC.
During that period, and with 4 available CPU cores,
     38,795,353 microseconds (38.795353 seconds) were spent in user mode
        184,018 microseconds ( 0.184018 seconds) were spent in system mode
 1,682,407,808 bytes of memory allocated.
 5 minor page faults, 0 major page faults, 0 swaps.

========================================
ST-JSON
========================================
ST-JSON;READ;large.json
(DE.RALPH-SCHLEICHER.JSON-BENCHMARK::%READ DE.RALPH-SCHLEICHER.JSON-BENCHMARK::LIB STREAM)
took 24,147,288 microseconds (24.147287 seconds) to run.
      1,978,391 microseconds ( 1.978391 seconds, 8.19%) of which was spent in GC.
During that period, and with 4 available CPU cores,
     23,960,483 microseconds (23.960484 seconds) were spent in user mode
        156,022 microseconds ( 0.156022 seconds) were spent in system mode
 3,452,975,056 bytes of memory allocated.
 4,343 minor page faults, 0 major page faults, 0 swaps.
ST-JSON;WRITE;large.json
(DE.RALPH-SCHLEICHER.JSON-BENCHMARK::%WRITE DE.RALPH-SCHLEICHER.JSON-BENCHMARK::LIB DE.RALPH-SCHLEICHER.JSON-BENCHMARK::DATA)
took 10,611,088 microseconds (10.611088 seconds) to run.
         90,256 microseconds ( 0.090256 seconds, 0.85%) of which was spent in GC.
During that period, and with 4 available CPU cores,
     10,433,455 microseconds (10.433455 seconds) were spent in user mode
        167,963 microseconds ( 0.167963 seconds) were spent in system mode
 1,603,173,648 bytes of memory allocated.
 1 minor page faults, 0 major page faults, 0 swaps.

========================================
YASON
========================================
YASON;READ;large.json
(DE.RALPH-SCHLEICHER.JSON-BENCHMARK::%READ DE.RALPH-SCHLEICHER.JSON-BENCHMARK::LIB STREAM)
took 60,241,324 microseconds (60.241325 seconds) to run.
     32,083,801 microseconds (32.083800 seconds, 53.26%) of which was spent in GC.
During that period, and with 4 available CPU cores,
     59,922,848 microseconds (59.922848 seconds) were spent in user mode
        283,796 microseconds ( 0.283796 seconds) were spent in system mode
 3,625,752,880 bytes of memory allocated.
 11,243 minor page faults, 0 major page faults, 0 swaps.
YASON;WRITE;large.json
(DE.RALPH-SCHLEICHER.JSON-BENCHMARK::%WRITE DE.RALPH-SCHLEICHER.JSON-BENCHMARK::LIB DE.RALPH-SCHLEICHER.JSON-BENCHMARK::DATA)
took 15,887,280 microseconds (15.887280 seconds) to run.
      6,813,903 microseconds ( 6.813903 seconds, 42.89%) of which was spent in GC.
During that period, and with 4 available CPU cores,
     15,747,127 microseconds (15.747127 seconds) were spent in user mode
        136,031 microseconds ( 0.136031 seconds) were spent in system mode
 487,126,320 bytes of memory allocated.
 1 minor page faults, 0 major page faults, 0 swaps.
Clozure Common Lisp Version 1.13 (v1.13) LinuxX8664

For more information about CCL, please see https://ccl.clozure.com.

CCL is free software.
It is distributed under the terms of the Apache License, Version 2.0.
? 
ccl --image-name /home/ralph/.lisp.d/ccl.core --batch --eval (ql:quickload "rs-json/bench") --eval (rs-json-bench:large :self t)
To load "trivial-features":
  Load 1 ASDF system:
    trivial-features
; Loading "trivial-features"

To load "rs-json/bench":
  Load 1 ASDF system:
    rs-json/bench
; Loading "rs-json/bench"


========================================
RS-JSON
========================================
RS-JSON;READ;large.json
(DE.RALPH-SCHLEICHER.JSON-BENCHMARK::%READ DE.RALPH-SCHLEICHER.JSON-BENCHMARK::LIB STREAM)
took 6,742,258 microseconds (6.742258 seconds) to run.
     1,158,573 microseconds (1.158573 seconds, 17.18%) of which was spent in GC.
During that period, and with 4 available CPU cores,
     6,675,080 microseconds (6.675080 seconds) were spent in user mode
        64,049 microseconds (0.064049 seconds) were spent in system mode
 484,649,168 bytes of memory allocated.
 4,207 minor page faults, 0 major page faults, 0 swaps.
RS-JSON;WRITE;large.json
(DE.RALPH-SCHLEICHER.JSON-BENCHMARK::%WRITE DE.RALPH-SCHLEICHER.JSON-BENCHMARK::LIB DE.RALPH-SCHLEICHER.JSON-BENCHMARK::DATA)
took 8,520,622 microseconds (8.520622 seconds) to run.
        61,554 microseconds (0.061554 seconds, 0.72%) of which was spent in GC.
During that period, and with 4 available CPU cores,
     8,388,516 microseconds (8.388516 seconds) were spent in user mode
       127,903 microseconds (0.127903 seconds) were spent in system mode
 481,458,208 bytes of memory allocated.
 8 minor page faults, 0 major page faults, 0 swaps.
Clozure Common Lisp Version 1.13 (v1.13) LinuxX8664

For more information about CCL, please see https://ccl.clozure.com.

CCL is free software.
It is distributed under the terms of the Apache License, Version 2.0.
? 
ccl --image-name /home/ralph/.lisp.d/ccl.core --batch --eval (ql:quickload "rs-json/bench") --eval (rs-json-bench:large :self nil)
To load "trivial-features":
  Load 1 ASDF system:
    trivial-features
; Loading "trivial-features"

To load "rs-json/bench":
  Load 1 ASDF system:
    rs-json/bench
; Loading "rs-json/bench"


========================================
CL-JSON
========================================
CL-JSON;READ;large.json
/home/ralph/src/lisp/rs-json/t/large.json: error (NO-CHAR-FOR-CODE)
No character corresponds to code #xD83D.

========================================
JONATHAN
========================================
JONATHAN;READ;large.json
/home/ralph/src/lisp/rs-json/t/large.json: error (NO-APPLICABLE-METHOD-EXISTS)
There is no applicable method for the generic function:
  #<STANDARD-GENERIC-FUNCTION DE.RALPH-SCHLEICHER.JSON-BENCHMARK::%READ #x302001D382EF>
when called with arguments:
  (:JONATHAN #<BASIC-FILE-CHARACTER-INPUT-STREAM ("/home/ralph/src/lisp/rs-json/t/large.json"/:closed #x302001D84A3D>)

========================================
JSON-STREAMS
========================================
JSON-STREAMS;READ;large.json
/home/ralph/src/lisp/rs-json/t/large.json: error (JSON-PARSE-ERROR)
JSON parse error at line 244572 column 30: Number with integer syntax to large 505874924095815700.

========================================
JSOWN
========================================
JSOWN;READ;large.json
/home/ralph/src/lisp/rs-json/t/large.json: error (NO-APPLICABLE-METHOD-EXISTS)
There is no applicable method for the generic function:
  #<STANDARD-GENERIC-FUNCTION DE.RALPH-SCHLEICHER.JSON-BENCHMARK::%READ #x302001D37D9F>
when called with arguments:
  (:JSOWN #<BASIC-FILE-CHARACTER-INPUT-STREAM ("/home/ralph/src/lisp/rs-json/t/large.json"/:closed #x302001D8551D>)

========================================
JZON
========================================
JZON;READ;large.json
(DE.RALPH-SCHLEICHER.JSON-BENCHMARK::%READ DE.RALPH-SCHLEICHER.JSON-BENCHMARK::LIB STREAM)
took 27,139,238 microseconds (27.139238 seconds) to run.
     17,768,420 microseconds (17.768420 seconds, 65.47%) of which was spent in GC.
During that period, and with 4 available CPU cores,
     26,886,480 microseconds (26.886480 seconds) were spent in user mode
        231,956 microseconds ( 0.231956 seconds) were spent in system mode
 2,244,412,976 bytes of memory allocated.
 19,981 minor page faults, 0 major page faults, 0 swaps.
JZON;WRITE;large.json
(DE.RALPH-SCHLEICHER.JSON-BENCHMARK::%WRITE DE.RALPH-SCHLEICHER.JSON-BENCHMARK::LIB DE.RALPH-SCHLEICHER.JSON-BENCHMARK::DATA)
took 98,065,678 microseconds (98.065680 seconds) to run.
     73,946,330 microseconds (73.946330 seconds, 75.40%) of which was spent in GC.
During that period, and with 4 available CPU cores,
     97,717,515 microseconds (97.717520 seconds) were spent in user mode
        283,883 microseconds ( 0.283883 seconds) were spent in system mode
 5,926,089,744 bytes of memory allocated.
 9 minor page faults, 0 major page faults, 0 swaps.

========================================
SHASHT
========================================
SHASHT;READ;large.json
(DE.RALPH-SCHLEICHER.JSON-BENCHMARK::%READ DE.RALPH-SCHLEICHER.JSON-BENCHMARK::LIB STREAM)
took 41,436,863 microseconds (41.436863 seconds) to run.
     26,287,258 microseconds (26.287258 seconds, 63.44%) of which was spent in GC.
During that period, and with 4 available CPU cores,
     41,182,495 microseconds (41.182495 seconds) were spent in user mode
        227,971 microseconds ( 0.227971 seconds) were spent in system mode
 2,143,626,384 bytes of memory allocated.
 17,953 minor page faults, 0 major page faults, 0 swaps.
SHASHT;WRITE;large.json
(DE.RALPH-SCHLEICHER.JSON-BENCHMARK::%WRITE DE.RALPH-SCHLEICHER.JSON-BENCHMARK::LIB DE.RALPH-SCHLEICHER.JSON-BENCHMARK::DATA)
took 38,993,847 microseconds (38.993847 seconds) to run.
     23,917,144 microseconds (23.917145 seconds, 61.34%) of which was spent in GC.
During that period, and with 4 available CPU cores,
     38,795,353 microseconds (38.795353 seconds) were spent in user mode
        184,018 microseconds ( 0.184018 seconds) were spent in system mode
 1,682,407,808 bytes of memory allocated.
 5 minor page faults, 0 major page faults, 0 swaps.

========================================
ST-JSON
========================================
ST-JSON;READ;large.json
(DE.RALPH-SCHLEICHER.JSON-BENCHMARK::%READ DE.RALPH-SCHLEICHER.JSON-BENCHMARK::LIB STREAM)
took 24,147,288 microseconds (24.147287 seconds) to run.
      1,978,391 microseconds ( 1.978391 seconds, 8.19%) of which was spent in GC.
During that period, and with 4 available CPU cores,
     23,960,483 microseconds (23.960484 seconds) were spent in user mode
        156,022 microseconds ( 0.156022 seconds) were spent in system mode
 3,452,975,056 bytes of memory allocated.
 4,343 minor page faults, 0 major page faults, 0 swaps.
ST-JSON;WRITE;large.json
(DE.RALPH-SCHLEICHER.JSON-BENCHMARK::%WRITE DE.RALPH-SCHLEICHER.JSON-BENCHMARK::LIB DE.RALPH-SCHLEICHER.JSON-BENCHMARK::DATA)
took 10,611,088 microseconds (10.611088 seconds) to run.
         90,256 microseconds ( 0.090256 seconds, 0.85%) of which was spent in GC.
During that period, and with 4 available CPU cores,
     10,433,455 microseconds (10.433455 seconds) were spent in user mode
        167,963 microseconds ( 0.167963 seconds) were spent in system mode
 1,603,173,648 bytes of memory allocated.
 1 minor page faults, 0 major page faults, 0 swaps.

========================================
YASON
========================================
YASON;READ;large.json
(DE.RALPH-SCHLEICHER.JSON-BENCHMARK::%READ DE.RALPH-SCHLEICHER.JSON-BENCHMARK::LIB STREAM)
took 60,241,324 microseconds (60.241325 seconds) to run.
     32,083,801 microseconds (32.083800 seconds, 53.26%) of which was spent in GC.
During that period, and with 4 available CPU cores,
     59,922,848 microseconds (59.922848 seconds) were spent in user mode
        283,796 microseconds ( 0.283796 seconds) were spent in system mode
 3,625,752,880 bytes of memory allocated.
 11,243 minor page faults, 0 major page faults, 0 swaps.
YASON;WRITE;large.json
(DE.RALPH-SCHLEICHER.JSON-BENCHMARK::%WRITE DE.RALPH-SCHLEICHER.JSON-BENCHMARK::LIB DE.RALPH-SCHLEICHER.JSON-BENCHMARK::DATA)
took 15,887,280 microseconds (15.887280 seconds) to run.
      6,813,903 microseconds ( 6.813903 seconds, 42.89%) of which was spent in GC.
During that period, and with 4 available CPU cores,
     15,747,127 microseconds (15.747127 seconds) were spent in user mode
        136,031 microseconds ( 0.136031 seconds) were spent in system mode
 487,126,320 bytes of memory allocated.
 1 minor page faults, 0 major page faults, 0 swaps.
Clozure Common Lisp Version 1.13 (v1.13) LinuxX8664

For more information about CCL, please see https://ccl.clozure.com.

CCL is free software.
It is distributed under the terms of the Apache License, Version 2.0.
? 
ccl --image-name /home/ralph/.lisp.d/ccl.core --batch --eval (ql:quickload "rs-json/bench") --eval (rs-json-bench:large :self t)
To load "trivial-features":
  Load 1 ASDF system:
    trivial-features
; Loading "trivial-features"

To load "rs-json/bench":
  Load 1 ASDF system:
    rs-json/bench
; Loading "rs-json/bench"


========================================
RS-JSON
========================================
RS-JSON;READ;large.json
(DE.RALPH-SCHLEICHER.JSON-BENCHMARK::%READ DE.RALPH-SCHLEICHER.JSON-BENCHMARK::LIB STREAM)
took 6,742,258 microseconds (6.742258 seconds) to run.
     1,158,573 microseconds (1.158573 seconds, 17.18%) of which was spent in GC.
During that period, and with 4 available CPU cores,
     6,675,080 microseconds (6.675080 seconds) were spent in user mode
        64,049 microseconds (0.064049 seconds) were spent in system mode
 484,649,168 bytes of memory allocated.
 4,207 minor page faults, 0 major page faults, 0 swaps.
RS-JSON;WRITE;large.json
(DE.RALPH-SCHLEICHER.JSON-BENCHMARK::%WRITE DE.RALPH-SCHLEICHER.JSON-BENCHMARK::LIB DE.RALPH-SCHLEICHER.JSON-BENCHMARK::DATA)
took 8,520,622 microseconds (8.520622 seconds) to run.
        61,554 microseconds (0.061554 seconds, 0.72%) of which was spent in GC.
During that period, and with 4 available CPU cores,
     8,388,516 microseconds (8.388516 seconds) were spent in user mode
       127,903 microseconds (0.127903 seconds) were spent in system mode
 481,458,208 bytes of memory allocated.
 8 minor page faults, 0 major page faults, 0 swaps.
Clozure Common Lisp Version 1.13 (v1.13) LinuxX8664

For more information about CCL, please see https://ccl.clozure.com.

CCL is free software.
It is distributed under the terms of the Apache License, Version 2.0.
? 
ccl --image-name /home/ralph/.lisp.d/ccl.core --batch --eval (ql:quickload "rs-json/bench") --eval (rs-json-bench:large :self nil)
To load "trivial-features":
  Load 1 ASDF system:
    trivial-features
; Loading "trivial-features"

To load "rs-json/bench":
  Load 1 ASDF system:
    rs-json/bench
; Loading "rs-json/bench"


========================================
CL-JSON
========================================
CL-JSON;READ;large.json
/home/ralph/src/lisp/rs-json/t/large.json: error (NO-CHAR-FOR-CODE)
No character corresponds to code #xD83D.

========================================
JONATHAN
========================================
JONATHAN;READ;large.json
/home/ralph/src/lisp/rs-json/t/large.json: error (NO-APPLICABLE-METHOD-EXISTS)
There is no applicable method for the generic function:
  #<STANDARD-GENERIC-FUNCTION DE.RALPH-SCHLEICHER.JSON-BENCHMARK::%READ #x302001D382EF>
when called with arguments:
  (:JONATHAN #<BASIC-FILE-CHARACTER-INPUT-STREAM ("/home/ralph/src/lisp/rs-json/t/large.json"/:closed #x302001D84A3D>)

========================================
JSON-STREAMS
========================================
JSON-STREAMS;READ;large.json
/home/ralph/src/lisp/rs-json/t/large.json: error (JSON-PARSE-ERROR)
JSON parse error at line 244572 column 30: Number with integer syntax to large 505874924095815700.

========================================
JSOWN
========================================
JSOWN;READ;large.json
/home/ralph/src/lisp/rs-json/t/large.json: error (NO-APPLICABLE-METHOD-EXISTS)
There is no applicable method for the generic function:
  #<STANDARD-GENERIC-FUNCTION DE.RALPH-SCHLEICHER.JSON-BENCHMARK::%READ #x302001D37D9F>
when called with arguments:
  (:JSOWN #<BASIC-FILE-CHARACTER-INPUT-STREAM ("/home/ralph/src/lisp/rs-json/t/large.json"/:closed #x302001D8551D>)

========================================
JZON
========================================
JZON;READ;large.json
(DE.RALPH-SCHLEICHER.JSON-BENCHMARK::%READ DE.RALPH-SCHLEICHER.JSON-BENCHMARK::LIB STREAM)
took 27,139,238 microseconds (27.139238 seconds) to run.
     17,768,420 microseconds (17.768420 seconds, 65.47%) of which was spent in GC.
During that period, and with 4 available CPU cores,
     26,886,480 microseconds (26.886480 seconds) were spent in user mode
        231,956 microseconds ( 0.231956 seconds) were spent in system mode
 2,244,412,976 bytes of memory allocated.
 19,981 minor page faults, 0 major page faults, 0 swaps.
JZON;WRITE;large.json
(DE.RALPH-SCHLEICHER.JSON-BENCHMARK::%WRITE DE.RALPH-SCHLEICHER.JSON-BENCHMARK::LIB DE.RALPH-SCHLEICHER.JSON-BENCHMARK::DATA)
took 98,065,678 microseconds (98.065680 seconds) to run.
     73,946,330 microseconds (73.946330 seconds, 75.40%) of which was spent in GC.
During that period, and with 4 available CPU cores,
     97,717,515 microseconds (97.717520 seconds) were spent in user mode
        283,883 microseconds ( 0.283883 seconds) were spent in system mode
 5,926,089,744 bytes of memory allocated.
 9 minor page faults, 0 major page faults, 0 swaps.

========================================
SHASHT
========================================
SHASHT;READ;large.json
(DE.RALPH-SCHLEICHER.JSON-BENCHMARK::%READ DE.RALPH-SCHLEICHER.JSON-BENCHMARK::LIB STREAM)
took 41,436,863 microseconds (41.436863 seconds) to run.
     26,287,258 microseconds (26.287258 seconds, 63.44%) of which was spent in GC.
During that period, and with 4 available CPU cores,
     41,182,495 microseconds (41.182495 seconds) were spent in user mode
        227,971 microseconds ( 0.227971 seconds) were spent in system mode
 2,143,626,384 bytes of memory allocated.
 17,953 minor page faults, 0 major page faults, 0 swaps.
SHASHT;WRITE;large.json
(DE.RALPH-SCHLEICHER.JSON-BENCHMARK::%WRITE DE.RALPH-SCHLEICHER.JSON-BENCHMARK::LIB DE.RALPH-SCHLEICHER.JSON-BENCHMARK::DATA)
took 38,993,847 microseconds (38.993847 seconds) to run.
     23,917,144 microseconds (23.917145 seconds, 61.34%) of which was spent in GC.
During that period, and with 4 available CPU cores,
     38,795,353 microseconds (38.795353 seconds) were spent in user mode
        184,018 microseconds ( 0.184018 seconds) were spent in system mode
 1,682,407,808 bytes of memory allocated.
 5 minor page faults, 0 major page faults, 0 swaps.

========================================
ST-JSON
========================================
ST-JSON;READ;large.json
(DE.RALPH-SCHLEICHER.JSON-BENCHMARK::%READ DE.RALPH-SCHLEICHER.JSON-BENCHMARK::LIB STREAM)
took 24,147,288 microseconds (24.147287 seconds) to run.
      1,978,391 microseconds ( 1.978391 seconds, 8.19%) of which was spent in GC.
During that period, and with 4 available CPU cores,
     23,960,483 microseconds (23.960484 seconds) were spent in user mode
        156,022 microseconds ( 0.156022 seconds) were spent in system mode
 3,452,975,056 bytes of memory allocated.
 4,343 minor page faults, 0 major page faults, 0 swaps.
ST-JSON;WRITE;large.json
(DE.RALPH-SCHLEICHER.JSON-BENCHMARK::%WRITE DE.RALPH-SCHLEICHER.JSON-BENCHMARK::LIB DE.RALPH-SCHLEICHER.JSON-BENCHMARK::DATA)
took 10,611,088 microseconds (10.611088 seconds) to run.
         90,256 microseconds ( 0.090256 seconds, 0.85%) of which was spent in GC.
During that period, and with 4 available CPU cores,
     10,433,455 microseconds (10.433455 seconds) were spent in user mode
        167,963 microseconds ( 0.167963 seconds) were spent in system mode
 1,603,173,648 bytes of memory allocated.
 1 minor page faults, 0 major page faults, 0 swaps.

========================================
YASON
========================================
YASON;READ;large.json
(DE.RALPH-SCHLEICHER.JSON-BENCHMARK::%READ DE.RALPH-SCHLEICHER.JSON-BENCHMARK::LIB STREAM)
took 60,241,324 microseconds (60.241325 seconds) to run.
     32,083,801 microseconds (32.083800 seconds, 53.26%) of which was spent in GC.
During that period, and with 4 available CPU cores,
     59,922,848 microseconds (59.922848 seconds) were spent in user mode
        283,796 microseconds ( 0.283796 seconds) were spent in system mode
 3,625,752,880 bytes of memory allocated.
 11,243 minor page faults, 0 major page faults, 0 swaps.
YASON;WRITE;large.json
(DE.RALPH-SCHLEICHER.JSON-BENCHMARK::%WRITE DE.RALPH-SCHLEICHER.JSON-BENCHMARK::LIB DE.RALPH-SCHLEICHER.JSON-BENCHMARK::DATA)
took 15,887,280 microseconds (15.887280 seconds) to run.
      6,813,903 microseconds ( 6.813903 seconds, 42.89%) of which was spent in GC.
During that period, and with 4 available CPU cores,
     15,747,127 microseconds (15.747127 seconds) were spent in user mode
        136,031 microseconds ( 0.136031 seconds) were spent in system mode
 487,126,320 bytes of memory allocated.
 1 minor page faults, 0 major page faults, 0 swaps.
Clozure Common Lisp Version 1.13 (v1.13) LinuxX8664

For more information about CCL, please see https://ccl.clozure.com.

CCL is free software.
It is distributed under the terms of the Apache License, Version 2.0.
? 
ccl --image-name /home/ralph/.lisp.d/ccl.core --batch --eval (ql:quickload "rs-json/bench") --eval (rs-json-bench:large :self t)
To load "trivial-features":
  Load 1 ASDF system:
    trivial-features
; Loading "trivial-features"

To load "rs-json/bench":
  Load 1 ASDF system:
    rs-json/bench
; Loading "rs-json/bench"


========================================
RS-JSON
========================================
RS-JSON;READ;large.json
(DE.RALPH-SCHLEICHER.JSON-BENCHMARK::%READ DE.RALPH-SCHLEICHER.JSON-BENCHMARK::LIB STREAM)
took 6,742,258 microseconds (6.742258 seconds) to run.
     1,158,573 microseconds (1.158573 seconds, 17.18%) of which was spent in GC.
During that period, and with 4 available CPU cores,
     6,675,080 microseconds (6.675080 seconds) were spent in user mode
        64,049 microseconds (0.064049 seconds) were spent in system mode
 484,649,168 bytes of memory allocated.
 4,207 minor page faults, 0 major page faults, 0 swaps.
RS-JSON;WRITE;large.json
(DE.RALPH-SCHLEICHER.JSON-BENCHMARK::%WRITE DE.RALPH-SCHLEICHER.JSON-BENCHMARK::LIB DE.RALPH-SCHLEICHER.JSON-BENCHMARK::DATA)
took 8,520,622 microseconds (8.520622 seconds) to run.
        61,554 microseconds (0.061554 seconds, 0.72%) of which was spent in GC.
During that period, and with 4 available CPU cores,
     8,388,516 microseconds (8.388516 seconds) were spent in user mode
       127,903 microseconds (0.127903 seconds) were spent in system mode
 481,458,208 bytes of memory allocated.
 8 minor page faults, 0 major page faults, 0 swaps.
Clozure Common Lisp Version 1.13 (v1.13) LinuxX8664

For more information about CCL, please see https://ccl.clozure.com.

CCL is free software.
It is distributed under the terms of the Apache License, Version 2.0.
? 
