sbcl --dynamic-space-size 12288 --core /home/ralph/.lisp.d/sbcl.core --eval (ql:quickload "rs-json/bench") --eval (rs-json-bench:large :self nil) --quit
This is SBCL 2.5.11, an implementation of ANSI Common Lisp.
More information about SBCL is available at <http://www.sbcl.org/>.

SBCL is free software, provided as is, with absolutely no warranty.
It is mostly in the public domain; some portions are provided under
BSD-style licenses.  See the CREDITS and COPYING files in the
distribution for more information.
To load "trivial-features":
  Load 1 ASDF system:
    trivial-features
; Loading "trivial-features"

To load "rs-json/bench":
  Load 1 ASDF system:
    rs-json/bench
; Loading "rs-json/bench"
..

========================================
CL-JSON
========================================
CL-JSON;READ;large.json
Evaluation took:
  4.415 seconds of real time
  4.415732 seconds of total run time (4.380075 user, 0.035657 system)
  [ Real times consist of 0.299 seconds GC time, and 4.116 seconds non-GC time. ]
  [ Run times consist of 0.303 seconds GC time, and 4.113 seconds non-GC time. ]
  100.02% CPU
  155 lambdas converted
  15,049,413,168 processor cycles
  2,862,547,968 bytes consed
  
CL-JSON;WRITE;large.json
Evaluation took:
  14.247 seconds of real time
  14.236478 seconds of total run time (12.758137 user, 1.478341 system)
  [ Real times consist of 0.283 seconds GC time, and 13.964 seconds non-GC time. ]
  [ Run times consist of 0.278 seconds GC time, and 13.959 seconds non-GC time. ]
  99.92% CPU
  16 lambdas converted
  48,552,507,044 processor cycles
  14,953,362,192 bytes consed
  

========================================
JONATHAN
========================================
JONATHAN;READ;large.json
Evaluation took:
  0.000 seconds of real time
  0.000099 seconds of total run time (0.000086 user, 0.000013 system)
  100.00% CPU
  272,236 processor cycles
  0 bytes consed
  
  before it was aborted by a non-local transfer of control.
  
/home/ralph/src/lisp/rs-json/t/large.json: error (NO-APPLICABLE-METHOD-ERROR)
There is no applicable method for the generic function
  #<STANDARD-GENERIC-FUNCTION DE.RALPH-SCHLEICHER.JSON-BENCHMARK::%READ (34)>
when called with arguments
  (:JONATHAN
   #<SB-SYS:FD-STREAM for "file /home/ralph/src/lisp/rs-json/t/large.json" {12032101F3}>).
See also:
  The ANSI Standard, Section 7.6.6

========================================
JSON-STREAMS
========================================
JSON-STREAMS;READ;large.json
Evaluation took:
  0.927 seconds of real time
  0.926597 seconds of total run time (0.914785 user, 0.011812 system)
  100.00% CPU
  33 lambdas converted
  3,158,205,826 processor cycles
  209,179,344 bytes consed
  
  before it was aborted by a non-local transfer of control.
  
/home/ralph/src/lisp/rs-json/t/large.json: error (JSON-PARSE-ERROR)
JSON parse error at line 244572 column 30: Number with integer syntax to large 505874924095815700.

========================================
JSOWN
========================================
JSOWN;READ;large.json
Evaluation took:
  0.000 seconds of real time
  0.000086 seconds of total run time (0.000075 user, 0.000011 system)
  100.00% CPU
  226,514 processor cycles
  0 bytes consed
  
  before it was aborted by a non-local transfer of control.
  
/home/ralph/src/lisp/rs-json/t/large.json: error (NO-APPLICABLE-METHOD-ERROR)
There is no applicable method for the generic function
  #<STANDARD-GENERIC-FUNCTION DE.RALPH-SCHLEICHER.JSON-BENCHMARK::%READ (34)>
when called with arguments
  (:JSOWN
   #<SB-SYS:FD-STREAM for "file /home/ralph/src/lisp/rs-json/t/large.json" {12032481F3}>).
See also:
  The ANSI Standard, Section 7.6.6

========================================
JZON
========================================
JZON;READ;large.json
Evaluation took:
  1.579 seconds of real time
  1.578916 seconds of total run time (1.575001 user, 0.003915 system)
  100.00% CPU
  5,381,163,204 processor cycles
  447,192,224 bytes consed
  
JZON;WRITE;large.json
Evaluation took:
  1.751 seconds of real time
  1.751015 seconds of total run time (1.727056 user, 0.023959 system)
  100.00% CPU
  57 lambdas converted
  5,968,043,406 processor cycles
  135,079,744 bytes consed
  

========================================
SHASHT
========================================
SHASHT;READ;large.json
Evaluation took:
  2.135 seconds of real time
  2.135660 seconds of total run time (2.015655 user, 0.120005 system)
  [ Real times consist of 0.243 seconds GC time, and 1.892 seconds non-GC time. ]
  [ Run times consist of 0.240 seconds GC time, and 1.896 seconds non-GC time. ]
  100.05% CPU
  7,280,491,936 processor cycles
  1,174,317,920 bytes consed
  
SHASHT;WRITE;large.json
Evaluation took:
  5.079 seconds of real time
  5.075540 seconds of total run time (4.971870 user, 0.103670 system)
  [ Real times consist of 0.311 seconds GC time, and 4.768 seconds non-GC time. ]
  [ Run times consist of 0.307 seconds GC time, and 4.769 seconds non-GC time. ]
  99.94% CPU
  23 lambdas converted
  17,300,978,128 processor cycles
  2,189,798,768 bytes consed
  

========================================
ST-JSON
========================================
ST-JSON;READ;large.json
Evaluation took:
  4.531 seconds of real time
  4.525568 seconds of total run time (4.442041 user, 0.083527 system)
  [ Real times consist of 0.463 seconds GC time, and 4.068 seconds non-GC time. ]
  [ Run times consist of 0.466 seconds GC time, and 4.060 seconds non-GC time. ]
  99.89% CPU
  32 lambdas converted
  15,444,149,798 processor cycles
  1,933,833,856 bytes consed
  
ST-JSON;WRITE;large.json
Evaluation took:
  2.855 seconds of real time
  2.857926 seconds of total run time (2.797940 user, 0.059986 system)
  [ Real times consist of 0.015 seconds GC time, and 2.840 seconds non-GC time. ]
  [ Run times consist of 0.009 seconds GC time, and 2.849 seconds non-GC time. ]
  100.11% CPU
  21 lambdas converted
  9,741,824,100 processor cycles
  1,423,505,264 bytes consed
  

========================================
YASON
========================================
YASON;READ;large.json
Evaluation took:
  4.475 seconds of real time
  4.475710 seconds of total run time (4.399780 user, 0.075930 system)
  [ Real times consist of 0.311 seconds GC time, and 4.164 seconds non-GC time. ]
  [ Run times consist of 0.311 seconds GC time, and 4.165 seconds non-GC time. ]
  100.02% CPU
  26 lambdas converted
  15,255,380,420 processor cycles
  1,540,645,184 bytes consed
  
YASON;WRITE;large.json
Evaluation took:
  3.139 seconds of real time
  3.137370 seconds of total run time (3.133472 user, 0.003898 system)
  [ Real times consist of 0.008 seconds GC time, and 3.131 seconds non-GC time. ]
  [ Run times consist of 0.005 seconds GC time, and 3.133 seconds non-GC time. ]
  99.94% CPU
  41 lambdas converted
  10,694,740,334 processor cycles
  1,251,777,872 bytes consed
  
sbcl --dynamic-space-size 12288 --core /home/ralph/.lisp.d/sbcl.core --eval (ql:quickload "rs-json/bench") --eval (rs-json-bench:large :self t) --quit
This is SBCL 2.5.11, an implementation of ANSI Common Lisp.
More information about SBCL is available at <http://www.sbcl.org/>.

SBCL is free software, provided as is, with absolutely no warranty.
It is mostly in the public domain; some portions are provided under
BSD-style licenses.  See the CREDITS and COPYING files in the
distribution for more information.
To load "trivial-features":
  Load 1 ASDF system:
    trivial-features
; Loading "trivial-features"

To load "rs-json/bench":
  Load 1 ASDF system:
    rs-json/bench
; Loading "rs-json/bench"
..

========================================
RS-JSON
========================================
RS-JSON;READ;large.json
Evaluation took:
  2.383 seconds of real time
  2.382565 seconds of total run time (2.346478 user, 0.036087 system)
  [ Real times consist of 0.116 seconds GC time, and 2.267 seconds non-GC time. ]
  [ Run times consist of 0.116 seconds GC time, and 2.267 seconds non-GC time. ]
  100.00% CPU
  155 lambdas converted
  8,121,522,890 processor cycles
  698,534,496 bytes consed
  
RS-JSON;WRITE;large.json
Evaluation took:
  2.639 seconds of real time
  2.633523 seconds of total run time (2.630518 user, 0.003005 system)
  99.81% CPU
  51 lambdas converted
  8,991,076,572 processor cycles
  129,502,880 bytes consed
  
sbcl --dynamic-space-size 12288 --core /home/ralph/.lisp.d/sbcl.core --eval (ql:quickload "rs-json/bench") --eval (rs-json-bench:large :self nil) --quit
This is SBCL 2.5.11, an implementation of ANSI Common Lisp.
More information about SBCL is available at <http://www.sbcl.org/>.

SBCL is free software, provided as is, with absolutely no warranty.
It is mostly in the public domain; some portions are provided under
BSD-style licenses.  See the CREDITS and COPYING files in the
distribution for more information.
To load "trivial-features":
  Load 1 ASDF system:
    trivial-features
; Loading "trivial-features"

To load "rs-json/bench":
  Load 1 ASDF system:
    rs-json/bench
; Loading "rs-json/bench"
..

========================================
CL-JSON
========================================
CL-JSON;READ;large.json
Evaluation took:
  4.415 seconds of real time
  4.415732 seconds of total run time (4.380075 user, 0.035657 system)
  [ Real times consist of 0.299 seconds GC time, and 4.116 seconds non-GC time. ]
  [ Run times consist of 0.303 seconds GC time, and 4.113 seconds non-GC time. ]
  100.02% CPU
  155 lambdas converted
  15,049,413,168 processor cycles
  2,862,547,968 bytes consed
  
CL-JSON;WRITE;large.json
Evaluation took:
  14.247 seconds of real time
  14.236478 seconds of total run time (12.758137 user, 1.478341 system)
  [ Real times consist of 0.283 seconds GC time, and 13.964 seconds non-GC time. ]
  [ Run times consist of 0.278 seconds GC time, and 13.959 seconds non-GC time. ]
  99.92% CPU
  16 lambdas converted
  48,552,507,044 processor cycles
  14,953,362,192 bytes consed
  

========================================
JONATHAN
========================================
JONATHAN;READ;large.json
Evaluation took:
  0.000 seconds of real time
  0.000099 seconds of total run time (0.000086 user, 0.000013 system)
  100.00% CPU
  272,236 processor cycles
  0 bytes consed
  
  before it was aborted by a non-local transfer of control.
  
/home/ralph/src/lisp/rs-json/t/large.json: error (NO-APPLICABLE-METHOD-ERROR)
There is no applicable method for the generic function
  #<STANDARD-GENERIC-FUNCTION DE.RALPH-SCHLEICHER.JSON-BENCHMARK::%READ (34)>
when called with arguments
  (:JONATHAN
   #<SB-SYS:FD-STREAM for "file /home/ralph/src/lisp/rs-json/t/large.json" {12032101F3}>).
See also:
  The ANSI Standard, Section 7.6.6

========================================
JSON-STREAMS
========================================
JSON-STREAMS;READ;large.json
Evaluation took:
  0.927 seconds of real time
  0.926597 seconds of total run time (0.914785 user, 0.011812 system)
  100.00% CPU
  33 lambdas converted
  3,158,205,826 processor cycles
  209,179,344 bytes consed
  
  before it was aborted by a non-local transfer of control.
  
/home/ralph/src/lisp/rs-json/t/large.json: error (JSON-PARSE-ERROR)
JSON parse error at line 244572 column 30: Number with integer syntax to large 505874924095815700.

========================================
JSOWN
========================================
JSOWN;READ;large.json
Evaluation took:
  0.000 seconds of real time
  0.000086 seconds of total run time (0.000075 user, 0.000011 system)
  100.00% CPU
  226,514 processor cycles
  0 bytes consed
  
  before it was aborted by a non-local transfer of control.
  
/home/ralph/src/lisp/rs-json/t/large.json: error (NO-APPLICABLE-METHOD-ERROR)
There is no applicable method for the generic function
  #<STANDARD-GENERIC-FUNCTION DE.RALPH-SCHLEICHER.JSON-BENCHMARK::%READ (34)>
when called with arguments
  (:JSOWN
   #<SB-SYS:FD-STREAM for "file /home/ralph/src/lisp/rs-json/t/large.json" {12032481F3}>).
See also:
  The ANSI Standard, Section 7.6.6

========================================
JZON
========================================
JZON;READ;large.json
Evaluation took:
  1.579 seconds of real time
  1.578916 seconds of total run time (1.575001 user, 0.003915 system)
  100.00% CPU
  5,381,163,204 processor cycles
  447,192,224 bytes consed
  
JZON;WRITE;large.json
Evaluation took:
  1.751 seconds of real time
  1.751015 seconds of total run time (1.727056 user, 0.023959 system)
  100.00% CPU
  57 lambdas converted
  5,968,043,406 processor cycles
  135,079,744 bytes consed
  

========================================
SHASHT
========================================
SHASHT;READ;large.json
Evaluation took:
  2.135 seconds of real time
  2.135660 seconds of total run time (2.015655 user, 0.120005 system)
  [ Real times consist of 0.243 seconds GC time, and 1.892 seconds non-GC time. ]
  [ Run times consist of 0.240 seconds GC time, and 1.896 seconds non-GC time. ]
  100.05% CPU
  7,280,491,936 processor cycles
  1,174,317,920 bytes consed
  
SHASHT;WRITE;large.json
Evaluation took:
  5.079 seconds of real time
  5.075540 seconds of total run time (4.971870 user, 0.103670 system)
  [ Real times consist of 0.311 seconds GC time, and 4.768 seconds non-GC time. ]
  [ Run times consist of 0.307 seconds GC time, and 4.769 seconds non-GC time. ]
  99.94% CPU
  23 lambdas converted
  17,300,978,128 processor cycles
  2,189,798,768 bytes consed
  

========================================
ST-JSON
========================================
ST-JSON;READ;large.json
Evaluation took:
  4.531 seconds of real time
  4.525568 seconds of total run time (4.442041 user, 0.083527 system)
  [ Real times consist of 0.463 seconds GC time, and 4.068 seconds non-GC time. ]
  [ Run times consist of 0.466 seconds GC time, and 4.060 seconds non-GC time. ]
  99.89% CPU
  32 lambdas converted
  15,444,149,798 processor cycles
  1,933,833,856 bytes consed
  
ST-JSON;WRITE;large.json
Evaluation took:
  2.855 seconds of real time
  2.857926 seconds of total run time (2.797940 user, 0.059986 system)
  [ Real times consist of 0.015 seconds GC time, and 2.840 seconds non-GC time. ]
  [ Run times consist of 0.009 seconds GC time, and 2.849 seconds non-GC time. ]
  100.11% CPU
  21 lambdas converted
  9,741,824,100 processor cycles
  1,423,505,264 bytes consed
  

========================================
YASON
========================================
YASON;READ;large.json
Evaluation took:
  4.475 seconds of real time
  4.475710 seconds of total run time (4.399780 user, 0.075930 system)
  [ Real times consist of 0.311 seconds GC time, and 4.164 seconds non-GC time. ]
  [ Run times consist of 0.311 seconds GC time, and 4.165 seconds non-GC time. ]
  100.02% CPU
  26 lambdas converted
  15,255,380,420 processor cycles
  1,540,645,184 bytes consed
  
YASON;WRITE;large.json
Evaluation took:
  3.139 seconds of real time
  3.137370 seconds of total run time (3.133472 user, 0.003898 system)
  [ Real times consist of 0.008 seconds GC time, and 3.131 seconds non-GC time. ]
  [ Run times consist of 0.005 seconds GC time, and 3.133 seconds non-GC time. ]
  99.94% CPU
  41 lambdas converted
  10,694,740,334 processor cycles
  1,251,777,872 bytes consed
  
sbcl --dynamic-space-size 12288 --core /home/ralph/.lisp.d/sbcl.core --eval (ql:quickload "rs-json/bench") --eval (rs-json-bench:large :self t) --quit
This is SBCL 2.5.11, an implementation of ANSI Common Lisp.
More information about SBCL is available at <http://www.sbcl.org/>.

SBCL is free software, provided as is, with absolutely no warranty.
It is mostly in the public domain; some portions are provided under
BSD-style licenses.  See the CREDITS and COPYING files in the
distribution for more information.
To load "trivial-features":
  Load 1 ASDF system:
    trivial-features
; Loading "trivial-features"

To load "rs-json/bench":
  Load 1 ASDF system:
    rs-json/bench
; Loading "rs-json/bench"
..

========================================
RS-JSON
========================================
RS-JSON;READ;large.json
Evaluation took:
  2.383 seconds of real time
  2.382565 seconds of total run time (2.346478 user, 0.036087 system)
  [ Real times consist of 0.116 seconds GC time, and 2.267 seconds non-GC time. ]
  [ Run times consist of 0.116 seconds GC time, and 2.267 seconds non-GC time. ]
  100.00% CPU
  155 lambdas converted
  8,121,522,890 processor cycles
  698,534,496 bytes consed
  
RS-JSON;WRITE;large.json
Evaluation took:
  2.639 seconds of real time
  2.633523 seconds of total run time (2.630518 user, 0.003005 system)
  99.81% CPU
  51 lambdas converted
  8,991,076,572 processor cycles
  129,502,880 bytes consed
  
sbcl --dynamic-space-size 12288 --core /home/ralph/.lisp.d/sbcl.core --eval (ql:quickload "rs-json/bench") --eval (rs-json-bench:large :self nil) --quit
This is SBCL 2.5.11, an implementation of ANSI Common Lisp.
More information about SBCL is available at <http://www.sbcl.org/>.

SBCL is free software, provided as is, with absolutely no warranty.
It is mostly in the public domain; some portions are provided under
BSD-style licenses.  See the CREDITS and COPYING files in the
distribution for more information.
To load "trivial-features":
  Load 1 ASDF system:
    trivial-features
; Loading "trivial-features"

To load "rs-json/bench":
  Load 1 ASDF system:
    rs-json/bench
; Loading "rs-json/bench"
..

========================================
CL-JSON
========================================
CL-JSON;READ;large.json
Evaluation took:
  4.415 seconds of real time
  4.415732 seconds of total run time (4.380075 user, 0.035657 system)
  [ Real times consist of 0.299 seconds GC time, and 4.116 seconds non-GC time. ]
  [ Run times consist of 0.303 seconds GC time, and 4.113 seconds non-GC time. ]
  100.02% CPU
  155 lambdas converted
  15,049,413,168 processor cycles
  2,862,547,968 bytes consed
  
CL-JSON;WRITE;large.json
Evaluation took:
  14.247 seconds of real time
  14.236478 seconds of total run time (12.758137 user, 1.478341 system)
  [ Real times consist of 0.283 seconds GC time, and 13.964 seconds non-GC time. ]
  [ Run times consist of 0.278 seconds GC time, and 13.959 seconds non-GC time. ]
  99.92% CPU
  16 lambdas converted
  48,552,507,044 processor cycles
  14,953,362,192 bytes consed
  

========================================
JONATHAN
========================================
JONATHAN;READ;large.json
Evaluation took:
  0.000 seconds of real time
  0.000099 seconds of total run time (0.000086 user, 0.000013 system)
  100.00% CPU
  272,236 processor cycles
  0 bytes consed
  
  before it was aborted by a non-local transfer of control.
  
/home/ralph/src/lisp/rs-json/t/large.json: error (NO-APPLICABLE-METHOD-ERROR)
There is no applicable method for the generic function
  #<STANDARD-GENERIC-FUNCTION DE.RALPH-SCHLEICHER.JSON-BENCHMARK::%READ (34)>
when called with arguments
  (:JONATHAN
   #<SB-SYS:FD-STREAM for "file /home/ralph/src/lisp/rs-json/t/large.json" {12032101F3}>).
See also:
  The ANSI Standard, Section 7.6.6

========================================
JSON-STREAMS
========================================
JSON-STREAMS;READ;large.json
Evaluation took:
  0.927 seconds of real time
  0.926597 seconds of total run time (0.914785 user, 0.011812 system)
  100.00% CPU
  33 lambdas converted
  3,158,205,826 processor cycles
  209,179,344 bytes consed
  
  before it was aborted by a non-local transfer of control.
  
/home/ralph/src/lisp/rs-json/t/large.json: error (JSON-PARSE-ERROR)
JSON parse error at line 244572 column 30: Number with integer syntax to large 505874924095815700.

========================================
JSOWN
========================================
JSOWN;READ;large.json
Evaluation took:
  0.000 seconds of real time
  0.000086 seconds of total run time (0.000075 user, 0.000011 system)
  100.00% CPU
  226,514 processor cycles
  0 bytes consed
  
  before it was aborted by a non-local transfer of control.
  
/home/ralph/src/lisp/rs-json/t/large.json: error (NO-APPLICABLE-METHOD-ERROR)
There is no applicable method for the generic function
  #<STANDARD-GENERIC-FUNCTION DE.RALPH-SCHLEICHER.JSON-BENCHMARK::%READ (34)>
when called with arguments
  (:JSOWN
   #<SB-SYS:FD-STREAM for "file /home/ralph/src/lisp/rs-json/t/large.json" {12032481F3}>).
See also:
  The ANSI Standard, Section 7.6.6

========================================
JZON
========================================
JZON;READ;large.json
Evaluation took:
  1.579 seconds of real time
  1.578916 seconds of total run time (1.575001 user, 0.003915 system)
  100.00% CPU
  5,381,163,204 processor cycles
  447,192,224 bytes consed
  
JZON;WRITE;large.json
Evaluation took:
  1.751 seconds of real time
  1.751015 seconds of total run time (1.727056 user, 0.023959 system)
  100.00% CPU
  57 lambdas converted
  5,968,043,406 processor cycles
  135,079,744 bytes consed
  

========================================
SHASHT
========================================
SHASHT;READ;large.json
Evaluation took:
  2.135 seconds of real time
  2.135660 seconds of total run time (2.015655 user, 0.120005 system)
  [ Real times consist of 0.243 seconds GC time, and 1.892 seconds non-GC time. ]
  [ Run times consist of 0.240 seconds GC time, and 1.896 seconds non-GC time. ]
  100.05% CPU
  7,280,491,936 processor cycles
  1,174,317,920 bytes consed
  
SHASHT;WRITE;large.json
Evaluation took:
  5.079 seconds of real time
  5.075540 seconds of total run time (4.971870 user, 0.103670 system)
  [ Real times consist of 0.311 seconds GC time, and 4.768 seconds non-GC time. ]
  [ Run times consist of 0.307 seconds GC time, and 4.769 seconds non-GC time. ]
  99.94% CPU
  23 lambdas converted
  17,300,978,128 processor cycles
  2,189,798,768 bytes consed
  

========================================
ST-JSON
========================================
ST-JSON;READ;large.json
Evaluation took:
  4.531 seconds of real time
  4.525568 seconds of total run time (4.442041 user, 0.083527 system)
  [ Real times consist of 0.463 seconds GC time, and 4.068 seconds non-GC time. ]
  [ Run times consist of 0.466 seconds GC time, and 4.060 seconds non-GC time. ]
  99.89% CPU
  32 lambdas converted
  15,444,149,798 processor cycles
  1,933,833,856 bytes consed
  
ST-JSON;WRITE;large.json
Evaluation took:
  2.855 seconds of real time
  2.857926 seconds of total run time (2.797940 user, 0.059986 system)
  [ Real times consist of 0.015 seconds GC time, and 2.840 seconds non-GC time. ]
  [ Run times consist of 0.009 seconds GC time, and 2.849 seconds non-GC time. ]
  100.11% CPU
  21 lambdas converted
  9,741,824,100 processor cycles
  1,423,505,264 bytes consed
  

========================================
YASON
========================================
YASON;READ;large.json
Evaluation took:
  4.475 seconds of real time
  4.475710 seconds of total run time (4.399780 user, 0.075930 system)
  [ Real times consist of 0.311 seconds GC time, and 4.164 seconds non-GC time. ]
  [ Run times consist of 0.311 seconds GC time, and 4.165 seconds non-GC time. ]
  100.02% CPU
  26 lambdas converted
  15,255,380,420 processor cycles
  1,540,645,184 bytes consed
  
YASON;WRITE;large.json
Evaluation took:
  3.139 seconds of real time
  3.137370 seconds of total run time (3.133472 user, 0.003898 system)
  [ Real times consist of 0.008 seconds GC time, and 3.131 seconds non-GC time. ]
  [ Run times consist of 0.005 seconds GC time, and 3.133 seconds non-GC time. ]
  99.94% CPU
  41 lambdas converted
  10,694,740,334 processor cycles
  1,251,777,872 bytes consed
  
sbcl --dynamic-space-size 12288 --core /home/ralph/.lisp.d/sbcl.core --eval (ql:quickload "rs-json/bench") --eval (rs-json-bench:large :self t) --quit
This is SBCL 2.5.11, an implementation of ANSI Common Lisp.
More information about SBCL is available at <http://www.sbcl.org/>.

SBCL is free software, provided as is, with absolutely no warranty.
It is mostly in the public domain; some portions are provided under
BSD-style licenses.  See the CREDITS and COPYING files in the
distribution for more information.
To load "trivial-features":
  Load 1 ASDF system:
    trivial-features
; Loading "trivial-features"

To load "rs-json/bench":
  Load 1 ASDF system:
    rs-json/bench
; Loading "rs-json/bench"
..

========================================
RS-JSON
========================================
RS-JSON;READ;large.json
Evaluation took:
  2.383 seconds of real time
  2.382565 seconds of total run time (2.346478 user, 0.036087 system)
  [ Real times consist of 0.116 seconds GC time, and 2.267 seconds non-GC time. ]
  [ Run times consist of 0.116 seconds GC time, and 2.267 seconds non-GC time. ]
  100.00% CPU
  155 lambdas converted
  8,121,522,890 processor cycles
  698,534,496 bytes consed
  
RS-JSON;WRITE;large.json
Evaluation took:
  2.639 seconds of real time
  2.633523 seconds of total run time (2.630518 user, 0.003005 system)
  99.81% CPU
  51 lambdas converted
  8,991,076,572 processor cycles
  129,502,880 bytes consed
  
